# JRE version: OpenJDK Runtime Environment (10.0.2+13) (build 10.0.2+13)
# Java VM: OpenJDK 64-Bit Server VM (10.0.2+13, mixed mode, tiered, compressed oops, g1 gc, linux-amd64)
Heap:
 garbage-first heap   total 10240K, used 2558K [0x0000000084a00000, 0x0000000100000000)
  region size 1024K, 2 young (2048K), 1 survivors (1024K)
 Metaspace       used 12841K, capacity 13122K, committed 13184K, reserved 1060864K
  class space    used 1306K, capacity 1387K, committed 1408K, reserved 1048576K
GC Heap History (8 events):
Event: 0.261 GC heap before
{Heap before GC invocations=0 (full 0):
 garbage-first heap   total 8192K, used 3072K [0x0000000084a00000, 0x0000000100000000)
  region size 1024K, 3 young (3072K), 0 survivors (0K)
 Metaspace       used 7557K, capacity 7731K, committed 8064K, reserved 1056768K
  class space    used 697K, capacity 775K, committed 896K, reserved 1048576K
}
Event: 0.265 GC heap after
{Heap after GC invocations=1 (full 0):
 garbage-first heap   total 8192K, used 1379K [0x0000000084a00000, 0x0000000100000000)
  region size 1024K, 1 young (1024K), 1 survivors (1024K)
 Metaspace       used 7557K, capacity 7731K, committed 8064K, reserved 1056768K
  class space    used 697K, capacity 775K, committed 896K, reserved 1048576K
}
Event: 0.360 GC heap before
{Heap before GC invocations=1 (full 0):
 garbage-first heap   total 8192K, used 2403K [0x0000000084a00000, 0x0000000100000000)
  region size 1024K, 2 young (2048K), 1 survivors (1024K)
 Metaspace       used 9712K, capacity 9870K, committed 10112K, reserved 1058816K
  class space    used 966K, capacity 1041K, committed 1152K, reserved 1048576K
}
Event: 0.362 GC heap after
{Heap after GC invocations=2 (full 0):
 garbage-first heap   total 8192K, used 1672K [0x0000000084a00000, 0x0000000100000000)
  region size 1024K, 1 young (1024K), 1 survivors (1024K)
 Metaspace       used 9712K, capacity 9870K, committed 10112K, reserved 1058816K
  class space    used 966K, capacity 1041K, committed 1152K, reserved 1048576K
}
Event: 0.428 GC heap before
{Heap before GC invocations=2 (full 0):
 garbage-first heap   total 8192K, used 2696K [0x0000000084a00000, 0x0000000100000000)
  region size 1024K, 2 young (2048K), 1 survivors (1024K)
 Metaspace       used 10816K, capacity 11027K, committed 11264K, reserved 1058816K
  class space    used 1104K, capacity 1199K, committed 1280K, reserved 1048576K
}
Event: 0.431 GC heap after
{Heap after GC invocations=3 (full 0):
 garbage-first heap   total 8192K, used 1978K [0x0000000084a00000, 0x0000000100000000)
  region size 1024K, 1 young (1024K), 1 survivors (1024K)
 Metaspace       used 10816K, capacity 11027K, committed 11264K, reserved 1058816K
  class space    used 1104K, capacity 1199K, committed 1280K, reserved 1048576K
}
Event: 0.551 GC heap before
{Heap before GC invocations=3 (full 0):
 garbage-first heap   total 8192K, used 3002K [0x0000000084a00000, 0x0000000100000000)
  region size 1024K, 2 young (2048K), 1 survivors (1024K)
 Metaspace       used 12604K, capacity 12896K, committed 13184K, reserved 1060864K
  class space    used 1283K, capacity 1375K, committed 1408K, reserved 1048576K
}
Event: 0.554 GC heap after
{Heap after GC invocations=4 (full 0):
 garbage-first heap   total 8192K, used 2295K [0x0000000084a00000, 0x0000000100000000)
  region size 1024K, 1 young (1024K), 1 survivors (1024K)
 Metaspace       used 12604K, capacity 12896K, committed 13184K, reserved 1060864K
  class space    used 1283K, capacity 1375K, committed 1408K, reserved 1048576K
}

